<?xml version="1.0" encoding="UTF-8"?>
<testng-results skipped="0" failed="0" ignored="6" total="7" passed="1">
  <reporter-output>
  </reporter-output>
  <suite name="BSB_Functional_TestCases_Suite" duration-ms="233106" started-at="2020-05-26T13:01:51Z" finished-at="2020-05-26T13:05:45Z">
    <groups>
      <group name="program">
        <method signature="Steps.Program_TestCase_06()[pri:0, instance:com.automation.index.Steps@74650e52]" name="Program_TestCase_06" class="com.automation.index.Steps"/>
      </group> <!-- program -->
    </groups>
    <test name="BSB_Login_Module_TestCases" duration-ms="233106" started-at="2020-05-26T13:01:51Z" finished-at="2020-05-26T13:05:45Z">
      <class name="com.automation.index.Steps">
        <test-method status="PASS" signature="fetchSuiteConfiguration(org.testng.ITestContext)[pri:0, instance:com.automation.index.Steps@74650e52]" name="fetchSuiteConfiguration" is-config="true" duration-ms="12" started-at="2020-05-26T13:01:51Z" finished-at="2020-05-26T13:01:51Z">
          <params>
            <param index="0">
              <value>
                <![CDATA[org.testng.TestRunner@782663d3]]>
              </value>
            </param>
          </params>
          <reporter-output>
          </reporter-output>
        </test-method> <!-- fetchSuiteConfiguration -->
        <test-method status="PASS" signature="fetchSuiteConfiguration(org.testng.ITestContext)[pri:0, instance:com.automation.index.Steps@74650e52]" name="fetchSuiteConfiguration" is-config="true" duration-ms="1" started-at="2020-05-26T13:01:51Z" finished-at="2020-05-26T13:01:51Z">
          <params>
            <param index="0">
              <value>
                <![CDATA[org.testng.TestRunner@782663d3]]>
              </value>
            </param>
          </params>
          <reporter-output>
          </reporter-output>
        </test-method> <!-- fetchSuiteConfiguration -->
        <test-method status="PASS" signature="setUp(java.lang.reflect.Method, org.testng.ITestContext)[pri:0, instance:com.automation.index.Steps@74650e52]" name="setUp" is-config="true" duration-ms="10362" started-at="2020-05-26T13:01:51Z" finished-at="2020-05-26T13:02:02Z">
          <params>
            <param index="0">
              <value>
                <![CDATA[public void com.automation.index.Steps.Program_TestCase_06()]]>
              </value>
            </param>
            <param index="1">
              <value>
                <![CDATA[org.testng.TestRunner@782663d3]]>
              </value>
            </param>
          </params>
          <reporter-output>
          </reporter-output>
        </test-method> <!-- setUp -->
        <test-method status="PASS" signature="Program_TestCase_06()[pri:0, instance:com.automation.index.Steps@74650e52]" name="Program_TestCase_06" duration-ms="211994" started-at="2020-05-26T13:02:02Z" finished-at="2020-05-26T13:05:34Z">
          <reporter-output>
          </reporter-output>
        </test-method> <!-- Program_TestCase_06 -->
        <test-method status="PASS" signature="tearDown(org.testng.ITestResult)[pri:0, instance:com.automation.index.Steps@74650e52]" name="tearDown" is-config="true" duration-ms="10735" started-at="2020-05-26T13:05:34Z" finished-at="2020-05-26T13:05:45Z">
          <params>
            <param index="0">
              <value>
                <![CDATA[[TestResult name=Program_TestCase_06 status=SUCCESS method=Steps.Program_TestCase_06()[pri:0, instance:com.automation.index.Steps@74650e52] output={null}]]]>
              </value>
            </param>
          </params>
          <reporter-output>
          </reporter-output>
        </test-method> <!-- tearDown -->
        <test-method status="PASS" signature="zipfileupdate()[pri:0, instance:com.automation.index.Steps@74650e52]" name="zipfileupdate" is-config="true" duration-ms="9" started-at="2020-05-26T13:05:45Z" finished-at="2020-05-26T13:05:45Z">
          <reporter-output>
          </reporter-output>
        </test-method> <!-- zipfileupdate -->
      </class> <!-- com.automation.index.Steps -->
    </test> <!-- BSB_Login_Module_TestCases -->
  </suite> <!-- BSB_Functional_TestCases_Suite -->
</testng-results>
