<?xml version="1.0" encoding="UTF-8"?>
<testsuite xmlns:xsi="http://www.w3.org/2001/XMLSchema-instance" xsi:noNamespaceSchemaLocation="https://maven.apache.org/surefire/maven-surefire-plugin/xsd/surefire-test-report.xsd" name="TestSuite" time="64.132" tests="3" errors="0" skipped="2" failures="1">
  <properties>
[...]
</properties>
  <testcase name="Bulkmail_TestCase_01" classname="com.automation.index.Steps" time="0">
    <skipped message="expected [true] but found [false]"/>
    <system-out><![CDATA[[TestNG] [WARN] Could not find reporter class : listenReport.Reporter
[TestNGContentHandler] [WARN] It is strongly recommended to add "<!DOCTYPE suite SYSTEM "http://testng.org/testng-1.0.dtd" >" at the top of your file, otherwise TestNG may fail or not work as expected.
[TestNG] [WARN] AnnotationTransformer already set
...
... TestNG 6.14.2 by Cédric Beust (cedric@beust.com)
...

Test Name :BSB_Login_Module_TestCases
Browser Name:chrome
 Before Test 
I am in onStart method BSB_Login_Module_TestCases
Test Name :BSB_Login_Module_TestCases
Browser Name:chrome
 Before Test 
Set up Start =====
creating directory: 
DIR created
=========Chorme Driver ==========
I am in onTestStart method Bulkmail_TestCase_01 start
GetTest Method called
To verify that user is able to do the bulkmail
Call getURL.......
URL : https://clubs.bluesombrero.com/Default.aspx?portalid=291
Step 1 : https://clubs.bluesombrero.com/Default.aspx?portalid=291
Url Display on window :https://clubs.bluesombrero.com/Default.aspx?portalid=291
C:/Users/User/eclipse-workspace/BSB/test-output
<br><Strong><font color=#FF0000>--Failed</font></strong>
<a href='screenshots/Open page Fail.png' target='_new'>Open page Fail.png</a>
Retrying Bulkmail_TestCase_01 again and the count is 1
I am in onTestSkipped method Bulkmail_TestCase_01 skipped
]]></system-out>
    <system-err><![CDATA[File Path ==================C:\Users\User\eclipse-workspace\BSB\Resources\chromedriver_2_41.exe
Sep 13, 2020 7:52:34 PM org.openqa.selenium.remote.DesiredCapabilities chrome
INFO: Using `new ChromeOptions()` is preferred to `DesiredCapabilities.chrome()`
Starting ChromeDriver 2.41.578737 (49da6702b16031c40d63e5618de03a32ff6c197e) on port 1956
Only local connections are allowed.
[1600006959.487][WARNING]: Timed out connecting to Chrome, retrying...
Sep 13, 2020 7:52:41 PM org.openqa.selenium.remote.ProtocolHandshake createSession
INFO: Detected dialect: OSS
[1600006963.541][WARNING]: Timed out connecting to Chrome, retrying...
Sep 13, 2020 7:52:53 PM org.openqa.selenium.remote.Augmenter extractRemoteWebDriver
WARNING: Augmenter should be applied to the instances of @Augmentable classes or previously augmented instances only (instance class was: class org.openqa.selenium.chrome.ChromeDriver)
]]></system-err>
  </testcase>
  <testcase name="Bulkmail_TestCase_01" classname="com.automation.index.Steps" time="0">
    <skipped message="expected [true] but found [false]"/>
    <system-out><![CDATA[
======================++++   >>  
TEST FAILED - Bulkmail_TestCase_01

ERROR MESSAGE: java.lang.AssertionError: expected [true] but found [false]


C:/Users/User/eclipse-workspace/BSB/test-output
<br><Strong><font color=#FF0000>--Failed</font></strong>
<a href='screenshots/0913195253794Bulkmail_TestCase_01.png' target='_new'>0913195253794Bulkmail_TestCase_01.png</a>
Set up Start =====
creating directory: 
DIR created
=========Chorme Driver ==========
I am in onTestStart method Bulkmail_TestCase_01 start
GetTest Method called
To verify that user is able to do the bulkmail
Call getURL.......
URL : https://clubs.bluesombrero.com/Default.aspx?portalid=291
Step 1 : https://clubs.bluesombrero.com/Default.aspx?portalid=291
Url Display on window :https://clubs.bluesombrero.com/Default.aspx?portalid=291
C:/Users/User/eclipse-workspace/BSB/test-output
<br><Strong><font color=#FF0000>--Failed</font></strong>
<a href='screenshots/Open page Fail.png' target='_new'>Open page Fail.png</a>
Retrying Bulkmail_TestCase_01 again and the count is 2
I am in onTestSkipped method Bulkmail_TestCase_01 skipped
]]></system-out>
    <system-err><![CDATA[----------->         null
Sep 13, 2020 7:52:53 PM org.openqa.selenium.remote.Augmenter extractRemoteWebDriver
WARNING: Augmenter should be applied to the instances of @Augmentable classes or previously augmented instances only (instance class was: class org.openqa.selenium.chrome.ChromeDriver)
File Path ==================C:\Users\User\eclipse-workspace\BSB\Resources\chromedriver_2_41.exe
Sep 13, 2020 7:52:59 PM org.openqa.selenium.remote.DesiredCapabilities chrome
INFO: Using `new ChromeOptions()` is preferred to `DesiredCapabilities.chrome()`
Starting ChromeDriver 2.41.578737 (49da6702b16031c40d63e5618de03a32ff6c197e) on port 46669
Only local connections are allowed.
[1600006982.409][WARNING]: Timed out connecting to Chrome, retrying...
Sep 13, 2020 7:53:04 PM org.openqa.selenium.remote.ProtocolHandshake createSession
INFO: Detected dialect: OSS
[1600006986.506][WARNING]: Timed out connecting to Chrome, retrying...
Sep 13, 2020 7:53:13 PM org.openqa.selenium.remote.Augmenter extractRemoteWebDriver
WARNING: Augmenter should be applied to the instances of @Augmentable classes or previously augmented instances only (instance class was: class org.openqa.selenium.chrome.ChromeDriver)
]]></system-err>
  </testcase>
  <testcase name="Bulkmail_TestCase_01" classname="com.automation.index.Steps" time="8.43">
    <failure message="expected [true] but found [false]" type="java.lang.AssertionError">java.lang.AssertionError: expected [true] but found [false]
	at com.automation.index.Steps.Bulkmail_TestCase_01(Steps.java:264)
</failure>
    <system-out><![CDATA[
======================++++   >>  
TEST FAILED - Bulkmail_TestCase_01

ERROR MESSAGE: java.lang.AssertionError: expected [true] but found [false]


C:/Users/User/eclipse-workspace/BSB/test-output
<br><Strong><font color=#FF0000>--Failed</font></strong>
<a href='screenshots/0913195314495Bulkmail_TestCase_01.png' target='_new'>0913195314495Bulkmail_TestCase_01.png</a>
Set up Start =====
creating directory: 
DIR created
=========Chorme Driver ==========
I am in onTestStart method Bulkmail_TestCase_01 start
GetTest Method called
To verify that user is able to do the bulkmail
Call getURL.......
URL : https://clubs.bluesombrero.com/Default.aspx?portalid=291
Step 1 : https://clubs.bluesombrero.com/Default.aspx?portalid=291
Url Display on window :https://clubs.bluesombrero.com/Default.aspx?portalid=291
C:/Users/User/eclipse-workspace/BSB/test-output
<br><Strong><font color=#FF0000>--Failed</font></strong>
<a href='screenshots/Open page Fail.png' target='_new'>Open page Fail.png</a>
I am in onTestFailure method Bulkmail_TestCase_01 failed
Browser closed
]]></system-out>
    <system-err><![CDATA[----------->         null
Sep 13, 2020 7:53:14 PM org.openqa.selenium.remote.Augmenter extractRemoteWebDriver
WARNING: Augmenter should be applied to the instances of @Augmentable classes or previously augmented instances only (instance class was: class org.openqa.selenium.chrome.ChromeDriver)
File Path ==================C:\Users\User\eclipse-workspace\BSB\Resources\chromedriver_2_41.exe
Sep 13, 2020 7:53:19 PM org.openqa.selenium.remote.DesiredCapabilities chrome
INFO: Using `new ChromeOptions()` is preferred to `DesiredCapabilities.chrome()`
Starting ChromeDriver 2.41.578737 (49da6702b16031c40d63e5618de03a32ff6c197e) on port 23225
Only local connections are allowed.
[1600007003.012][WARNING]: Timed out connecting to Chrome, retrying...
Sep 13, 2020 7:53:25 PM org.openqa.selenium.remote.ProtocolHandshake createSession
INFO: Detected dialect: OSS
[1600007007.127][WARNING]: Timed out connecting to Chrome, retrying...
Sep 13, 2020 7:53:36 PM org.openqa.selenium.remote.Augmenter extractRemoteWebDriver
WARNING: Augmenter should be applied to the instances of @Augmentable classes or previously augmented instances only (instance class was: class org.openqa.selenium.chrome.ChromeDriver)
]]></system-err>
  </testcase>
</testsuite>