<?xml version="1.0" encoding="UTF-8"?>
<testng-results skipped="0" failed="0" ignored="3" total="4" passed="1">
  <reporter-output>
  </reporter-output>
  <suite name="BSB_Functional_TestCases_Suite" duration-ms="87623" started-at="2020-04-07T02:33:46Z" finished-at="2020-04-07T02:35:13Z">
    <groups>
      <group name="program">
        <method signature="Steps.Program_TestCase_04()[pri:0, instance:com.automation.index.Steps@15d0c81b]" name="Program_TestCase_04" class="com.automation.index.Steps"/>
      </group> <!-- program -->
    </groups>
    <test name="BSB_Login_Module_TestCases" duration-ms="87623" started-at="2020-04-07T02:33:46Z" finished-at="2020-04-07T02:35:13Z">
      <class name="com.automation.index.Steps">
        <test-method status="PASS" signature="fetchSuiteConfiguration(org.testng.ITestContext)[pri:0, instance:com.automation.index.Steps@15d0c81b]" name="fetchSuiteConfiguration" is-config="true" duration-ms="13" started-at="2020-04-07T02:33:46Z" finished-at="2020-04-07T02:33:46Z">
          <params>
            <param index="0">
              <value>
                <![CDATA[org.testng.TestRunner@612fc6eb]]>
              </value>
            </param>
          </params>
          <reporter-output>
          </reporter-output>
        </test-method> <!-- fetchSuiteConfiguration -->
        <test-method status="PASS" signature="fetchSuiteConfiguration(org.testng.ITestContext)[pri:0, instance:com.automation.index.Steps@15d0c81b]" name="fetchSuiteConfiguration" is-config="true" duration-ms="0" started-at="2020-04-07T02:33:46Z" finished-at="2020-04-07T02:33:46Z">
          <params>
            <param index="0">
              <value>
                <![CDATA[org.testng.TestRunner@612fc6eb]]>
              </value>
            </param>
          </params>
          <reporter-output>
          </reporter-output>
        </test-method> <!-- fetchSuiteConfiguration -->
        <test-method status="PASS" signature="setUp(java.lang.reflect.Method, org.testng.ITestContext)[pri:0, instance:com.automation.index.Steps@15d0c81b]" name="setUp" is-config="true" duration-ms="10332" started-at="2020-04-07T02:33:46Z" finished-at="2020-04-07T02:33:56Z">
          <params>
            <param index="0">
              <value>
                <![CDATA[public void com.automation.index.Steps.Program_TestCase_04()]]>
              </value>
            </param>
            <param index="1">
              <value>
                <![CDATA[org.testng.TestRunner@612fc6eb]]>
              </value>
            </param>
          </params>
          <reporter-output>
          </reporter-output>
        </test-method> <!-- setUp -->
        <test-method status="PASS" signature="Program_TestCase_04()[pri:0, instance:com.automation.index.Steps@15d0c81b]" name="Program_TestCase_04" duration-ms="66507" started-at="2020-04-07T02:33:56Z" finished-at="2020-04-07T02:35:03Z">
          <reporter-output>
          </reporter-output>
        </test-method> <!-- Program_TestCase_04 -->
        <test-method status="PASS" signature="tearDown(org.testng.ITestResult)[pri:0, instance:com.automation.index.Steps@15d0c81b]" name="tearDown" is-config="true" duration-ms="10772" started-at="2020-04-07T02:35:03Z" finished-at="2020-04-07T02:35:13Z">
          <params>
            <param index="0">
              <value>
                <![CDATA[[TestResult name=Program_TestCase_04 status=SUCCESS method=Steps.Program_TestCase_04()[pri:0, instance:com.automation.index.Steps@15d0c81b] output={null}]]]>
              </value>
            </param>
          </params>
          <reporter-output>
          </reporter-output>
        </test-method> <!-- tearDown -->
        <test-method status="PASS" signature="zipfileupdate()[pri:0, instance:com.automation.index.Steps@15d0c81b]" name="zipfileupdate" is-config="true" duration-ms="79" started-at="2020-04-07T02:35:14Z" finished-at="2020-04-07T02:35:14Z">
          <reporter-output>
          </reporter-output>
        </test-method> <!-- zipfileupdate -->
      </class> <!-- com.automation.index.Steps -->
    </test> <!-- BSB_Login_Module_TestCases -->
  </suite> <!-- BSB_Functional_TestCases_Suite -->
</testng-results>
