<?xml version="1.0" encoding="UTF-8"?>
<!-- Generated by org.testng.reporters.JUnitXMLReporter -->
<testsuite hostname="DESKTOP-GJ9SRJ9" ignored="8" name="BSB_Login_Module_TestCases" tests="3" failures="1" timestamp="13 Sep 2020 14:23:37 GMT" time="63.393" errors="0">
  <testcase name="Bulkmail_TestCase_01" time="7.655" classname="com.automation.index.Steps">
    <skipped/>
  </testcase> <!-- Bulkmail_TestCase_01 -->
  <testcase name="Bulkmail_TestCase_01" time="5.462" classname="com.automation.index.Steps">
    <skipped/>
  </testcase> <!-- Bulkmail_TestCase_01 -->
  <testcase name="Bulkmail_TestCase_01" time="7.488" classname="com.automation.index.Steps">
    <failure type="java.lang.AssertionError" message="expected [true] but found [false]">
      <![CDATA[java.lang.AssertionError: expected [true] but found [false]
at com.automation.verification.Verify.homepageverify(Verify.java:51)
at com.automation.index.Steps.Bulkmail_TestCase_01(Steps.java:264)
at java.util.concurrent.FutureTask.run(Unknown Source)
at java.util.concurrent.ThreadPoolExecutor.runWorker(Unknown Source)
at java.util.concurrent.ThreadPoolExecutor$Worker.run(Unknown Source)
at java.lang.Thread.run(Unknown Source)
... Removed 20 stack frames]]>
    </failure>
  </testcase> <!-- Bulkmail_TestCase_01 -->
  <testcase name="Program_TestCase_04" time="0.0" classname="com.automation.index.Steps">
    <ignored/>
  </testcase> <!-- Program_TestCase_04 -->
  <testcase name="Program_TestCase_06" time="0.0" classname="com.automation.index.Steps">
    <ignored/>
  </testcase> <!-- Program_TestCase_06 -->
  <testcase name="Delete_Program_TestCase_01" time="0.0" classname="com.automation.index.Steps">
    <ignored/>
  </testcase> <!-- Delete_Program_TestCase_01 -->
  <testcase name="Portal_Creation_TestCase_01" time="0.0" classname="com.automation.index.Steps">
    <ignored/>
  </testcase> <!-- Portal_Creation_TestCase_01 -->
  <testcase name="Program_TestCase_01" time="0.0" classname="com.automation.index.Steps">
    <ignored/>
  </testcase> <!-- Program_TestCase_01 -->
  <testcase name="Program_TestCase_03" time="0.0" classname="com.automation.index.Steps">
    <ignored/>
  </testcase> <!-- Program_TestCase_03 -->
  <testcase name="Program_TestCase_05" time="0.0" classname="com.automation.index.Steps">
    <ignored/>
  </testcase> <!-- Program_TestCase_05 -->
  <testcase name="Program_TestCase_02" time="0.0" classname="com.automation.index.Steps">
    <ignored/>
  </testcase> <!-- Program_TestCase_02 -->
</testsuite> <!-- BSB_Login_Module_TestCases -->
