<?xml version="1.0" encoding="UTF-8"?>
<!-- Generated by org.testng.reporters.JUnitXMLReporter -->
<testsuite hostname="DESKTOP-C0CNHNA" ignored="3" name="BSB_Login_Module_TestCases" tests="1" failures="0" timestamp="07 Apr 2020 02:35:13 GMT" time="87.623" errors="0">
  <testcase name="Program_TestCase_04" time="66.507" classname="com.automation.index.Steps"/>
  <testcase name="Program_TestCase_01" time="0.0" classname="com.automation.index.Steps">
    <ignored/>
  </testcase> <!-- Program_TestCase_01 -->
  <testcase name="Program_TestCase_03" time="0.0" classname="com.automation.index.Steps">
    <ignored/>
  </testcase> <!-- Program_TestCase_03 -->
  <testcase name="Program_TestCase_02" time="0.0" classname="com.automation.index.Steps">
    <ignored/>
  </testcase> <!-- Program_TestCase_02 -->
</testsuite> <!-- BSB_Login_Module_TestCases -->
