<?xml version="1.0" encoding="UTF-8"?>
<!-- Generated by org.testng.reporters.JUnitXMLReporter -->
<testsuite hostname="DESKTOP-C0CNHNA" ignored="0" name="BSB_Program_Module_TestCases" tests="5" failures="0" timestamp="07 Apr 2020 12:42:56 GMT" time="585.205" errors="0">
  <testcase name="Program_TestCase_01" time="102.366" classname="com.automation.index.Steps"/>
  <testcase name="Program_TestCase_02" time="114.333" classname="com.automation.index.Steps"/>
  <testcase name="Program_TestCase_03" time="98.498" classname="com.automation.index.Steps"/>
  <testcase name="Program_TestCase_04" time="91.206" classname="com.automation.index.Steps"/>
  <testcase name="Program_TestCase_05" time="75.786" classname="com.automation.index.Steps"/>
</testsuite> <!-- BSB_Program_Module_TestCases -->
